28-Dec-2025 00:52:50.651 INFO [main] org.apache.catalina.startup.VersionLoggerListener.log Nombre de la versión del servidor: Apache Tomcat/9.0.112
28-Dec-2025 00:52:50.657 INFO [main] org.apache.catalina.startup.VersionLoggerListener.log Server built:                      Nov 6 2025 07:46:18 UTC
28-Dec-2025 00:52:50.657 INFO [main] org.apache.catalina.startup.VersionLoggerListener.log Número de versión de servidor:     9.0.112.0
28-Dec-2025 00:52:50.658 INFO [main] org.apache.catalina.startup.VersionLoggerListener.log OS Name:                           Windows 10
28-Dec-2025 00:52:50.658 INFO [main] org.apache.catalina.startup.VersionLoggerListener.log Versión de Systema Operativo:      10.0
28-Dec-2025 00:52:50.658 INFO [main] org.apache.catalina.startup.VersionLoggerListener.log Arquitectura:                      amd64
28-Dec-2025 00:52:50.658 INFO [main] org.apache.catalina.startup.VersionLoggerListener.log Java Home:                         C:\Program Files\Java\jdk-25
28-Dec-2025 00:52:50.658 INFO [main] org.apache.catalina.startup.VersionLoggerListener.log JVM Version:                       25.0.1+8-LTS-27
28-Dec-2025 00:52:50.659 INFO [main] org.apache.catalina.startup.VersionLoggerListener.log Vededor JVM:                       Oracle Corporation
28-Dec-2025 00:52:50.659 INFO [main] org.apache.catalina.startup.VersionLoggerListener.log CATALINA_BASE:                     D:\JavaProjects\TODO-API
28-Dec-2025 00:52:50.660 INFO [main] org.apache.catalina.startup.VersionLoggerListener.log CATALINA_HOME:                     D:\apache-tomcat-9.0.112
28-Dec-2025 00:52:50.671 INFO [main] org.apache.catalina.startup.VersionLoggerListener.log Command line argument:             --add-opens=java.base/java.lang=ALL-UNNAMED
28-Dec-2025 00:52:50.671 INFO [main] org.apache.catalina.startup.VersionLoggerListener.log Command line argument:             --add-opens=java.base/java.io=ALL-UNNAMED
28-Dec-2025 00:52:50.671 INFO [main] org.apache.catalina.startup.VersionLoggerListener.log Command line argument:             --add-opens=java.base/java.util=ALL-UNNAMED
28-Dec-2025 00:52:50.671 INFO [main] org.apache.catalina.startup.VersionLoggerListener.log Command line argument:             --add-opens=java.base/java.util.concurrent=ALL-UNNAMED
28-Dec-2025 00:52:50.671 INFO [main] org.apache.catalina.startup.VersionLoggerListener.log Command line argument:             --add-opens=java.rmi/sun.rmi.transport=ALL-UNNAMED
28-Dec-2025 00:52:50.671 INFO [main] org.apache.catalina.startup.VersionLoggerListener.log Command line argument:             -Dcatalina.home=D:\apache-tomcat-9.0.112
28-Dec-2025 00:52:50.671 INFO [main] org.apache.catalina.startup.VersionLoggerListener.log Command line argument:             -Dcatalina.base=D:\JavaProjects\TODO-API
28-Dec-2025 00:52:50.671 INFO [main] org.apache.catalina.startup.VersionLoggerListener.log Command line argument:             -Djava.io.tmpdir=D:\JavaProjects\TODO-API\temp
28-Dec-2025 00:52:50.672 INFO [main] org.apache.catalina.startup.VersionLoggerListener.log Command line argument:             -Djava.util.logging.config.file=D:\JavaProjects\TODO-API\conf\logging.properties
28-Dec-2025 00:52:50.672 INFO [main] org.apache.catalina.startup.VersionLoggerListener.log Command line argument:             -Djava.util.logging.manager=org.apache.juli.ClassLoaderLogManager
28-Dec-2025 00:52:50.672 INFO [main] org.apache.catalina.startup.VersionLoggerListener.log Command line argument:             -javaagent:C:\Program Files\JetBrains\IntelliJ IDEA 2025.2.4\lib\idea_rt.jar=59679
28-Dec-2025 00:52:50.673 INFO [main] org.apache.catalina.startup.VersionLoggerListener.log Command line argument:             -Dfile.encoding=UTF-8
28-Dec-2025 00:52:50.673 INFO [main] org.apache.catalina.startup.VersionLoggerListener.log Command line argument:             -Dsun.stdout.encoding=UTF-8
28-Dec-2025 00:52:50.674 INFO [main] org.apache.catalina.startup.VersionLoggerListener.log Command line argument:             -Dsun.stderr.encoding=UTF-8
28-Dec-2025 00:52:50.884 INFO [main] org.apache.catalina.core.AprLifecycleListener.lifecycleEvent Cargada la biblioteca nativa APR de Apache Tomcat [1.3.1] con la versión APR [1.7.4].
28-Dec-2025 00:52:50.884 INFO [main] org.apache.catalina.core.AprLifecycleListener.lifecycleEvent Capacidades APR: IPv6 [true], enviar fichero [true], aceptar filtros [false], aleatorio [true], UDS [true].
28-Dec-2025 00:52:50.885 INFO [main] org.apache.catalina.core.AprLifecycleListener.lifecycleEvent APR/OpenSSL configuration: useAprConnector [false], useOpenSSL [true]
28-Dec-2025 00:52:50.928 INFO [main] org.apache.catalina.core.AprLifecycleListener.initializeSSL OpenSSL inicializado correctamente [OpenSSL 3.0.14 4 Jun 2024]
28-Dec-2025 00:52:51.455 INFO [main] org.apache.coyote.AbstractProtocol.init Inicializando el manejador de protocolo ["http-nio-8080"]

28-Dec-2025 00:52:51.486 INFO [main] org.apache.catalina.startup.Catalina.load Server initialization in [1182] milliseconds
28-Dec-2025 00:52:51.551 INFO [main] org.apache.catalina.core.StandardService.startInternal Arrancando servicio [Catalina]
28-Dec-2025 00:52:51.551 INFO [main] org.apache.catalina.core.StandardEngine.startInternal Starting Servlet engine: [Apache Tomcat/9.0.112]
28-Dec-2025 00:52:51.565 INFO [main] org.apache.catalina.startup.HostConfig.deployDescriptor Desplieque del descriptor de configuración [D:\JavaProjects\TODO-API\conf\Catalina\localhost\webapp.xml]
28-Dec-2025 00:52:51.976 WARNING [main] org.apache.tomcat.util.descriptor.web.WebXml.setVersion Unknown version string [6.0]. Default version will be used.
28-Dec-2025 00:52:52.933 INFO [main] org.apache.jasper.servlet.TldScanner.scanJars Al menos un JAR, que se ha explorado buscando TLDs, aún no contenía TLDs. Activar historial de depuración para este historiador para una completa lista de los JARs que fueron explorados y de los que nos se halló TLDs. Saltarse JARs no necesarios durante la exploración puede dar lugar a una mejora de tiempo significativa en el arranque y compilación de JSP .
28-Dec-2025 00:52:53.027 INFO [main] org.apache.catalina.startup.HostConfig.deployDescriptor Deployment of deployment descriptor [D:\JavaProjects\TODO-API\conf\Catalina\localhost\webapp.xml] has finished in [1.452] ms
28-Dec-2025 00:52:53.033 INFO [main] org.apache.coyote.AbstractProtocol.start Starting ProtocolHandler ["http-nio-8080"]
28-Dec-2025 00:52:53.069 INFO [main] org.apache.catalina.startup.Catalina.start Server startup in [1579] milliseconds
28-Dec-2025 01:09:03.185 INFO [Thread-1] org.apache.coyote.AbstractProtocol.pause Pausing ProtocolHandler ["http-nio-8080"]
28-Dec-2025 01:09:03.195 INFO [Thread-1] org.apache.catalina.core.StandardService.stopInternal Parando servicio [Catalina]
28-Dec-2025 01:09:03.213 INFO [Thread-1] org.apache.coyote.AbstractProtocol.stop Stopping ProtocolHandler ["http-nio-8080"]
28-Dec-2025 01:09:03.219 INFO [Thread-1] org.apache.coyote.AbstractProtocol.destroy Destroying ProtocolHandler ["http-nio-8080"]
28-Dec-2025 01:09:07.794 INFO [main] org.apache.catalina.startup.VersionLoggerListener.log Nombre de la versión del servidor: Apache Tomcat/9.0.112
28-Dec-2025 01:09:07.800 INFO [main] org.apache.catalina.startup.VersionLoggerListener.log Server built:                      Nov 6 2025 07:46:18 UTC
28-Dec-2025 01:09:07.800 INFO [main] org.apache.catalina.startup.VersionLoggerListener.log Número de versión de servidor:     9.0.112.0
28-Dec-2025 01:09:07.801 INFO [main] org.apache.catalina.startup.VersionLoggerListener.log OS Name:                           Windows 10
28-Dec-2025 01:09:07.801 INFO [main] org.apache.catalina.startup.VersionLoggerListener.log Versión de Systema Operativo:      10.0
28-Dec-2025 01:09:07.801 INFO [main] org.apache.catalina.startup.VersionLoggerListener.log Arquitectura:                      amd64
28-Dec-2025 01:09:07.801 INFO [main] org.apache.catalina.startup.VersionLoggerListener.log Java Home:                         C:\Program Files\Java\jdk-25
28-Dec-2025 01:09:07.801 INFO [main] org.apache.catalina.startup.VersionLoggerListener.log JVM Version:                       25.0.1+8-LTS-27
28-Dec-2025 01:09:07.801 INFO [main] org.apache.catalina.startup.VersionLoggerListener.log Vededor JVM:                       Oracle Corporation
28-Dec-2025 01:09:07.801 INFO [main] org.apache.catalina.startup.VersionLoggerListener.log CATALINA_BASE:                     D:\JavaProjects\TODO-API
28-Dec-2025 01:09:07.802 INFO [main] org.apache.catalina.startup.VersionLoggerListener.log CATALINA_HOME:                     D:\apache-tomcat-9.0.112
28-Dec-2025 01:09:07.816 INFO [main] org.apache.catalina.startup.VersionLoggerListener.log Command line argument:             --add-opens=java.base/java.lang=ALL-UNNAMED
28-Dec-2025 01:09:07.816 INFO [main] org.apache.catalina.startup.VersionLoggerListener.log Command line argument:             --add-opens=java.base/java.io=ALL-UNNAMED
28-Dec-2025 01:09:07.816 INFO [main] org.apache.catalina.startup.VersionLoggerListener.log Command line argument:             --add-opens=java.base/java.util=ALL-UNNAMED
28-Dec-2025 01:09:07.817 INFO [main] org.apache.catalina.startup.VersionLoggerListener.log Command line argument:             --add-opens=java.base/java.util.concurrent=ALL-UNNAMED
28-Dec-2025 01:09:07.817 INFO [main] org.apache.catalina.startup.VersionLoggerListener.log Command line argument:             --add-opens=java.rmi/sun.rmi.transport=ALL-UNNAMED
28-Dec-2025 01:09:07.817 INFO [main] org.apache.catalina.startup.VersionLoggerListener.log Command line argument:             -Dcatalina.home=D:\apache-tomcat-9.0.112
28-Dec-2025 01:09:07.817 INFO [main] org.apache.catalina.startup.VersionLoggerListener.log Command line argument:             -Dcatalina.base=D:\JavaProjects\TODO-API
28-Dec-2025 01:09:07.817 INFO [main] org.apache.catalina.startup.VersionLoggerListener.log Command line argument:             -Djava.io.tmpdir=D:\JavaProjects\TODO-API\temp
28-Dec-2025 01:09:07.817 INFO [main] org.apache.catalina.startup.VersionLoggerListener.log Command line argument:             -Djava.util.logging.config.file=D:\JavaProjects\TODO-API\conf\logging.properties
28-Dec-2025 01:09:07.817 INFO [main] org.apache.catalina.startup.VersionLoggerListener.log Command line argument:             -Djava.util.logging.manager=org.apache.juli.ClassLoaderLogManager
28-Dec-2025 01:09:07.818 INFO [main] org.apache.catalina.startup.VersionLoggerListener.log Command line argument:             -javaagent:C:\Program Files\JetBrains\IntelliJ IDEA 2025.2.4\lib\idea_rt.jar=60014
28-Dec-2025 01:09:07.818 INFO [main] org.apache.catalina.startup.VersionLoggerListener.log Command line argument:             -Dfile.encoding=UTF-8
28-Dec-2025 01:09:07.818 INFO [main] org.apache.catalina.startup.VersionLoggerListener.log Command line argument:             -Dsun.stdout.encoding=UTF-8
28-Dec-2025 01:09:07.818 INFO [main] org.apache.catalina.startup.VersionLoggerListener.log Command line argument:             -Dsun.stderr.encoding=UTF-8
28-Dec-2025 01:09:07.822 INFO [main] org.apache.catalina.core.AprLifecycleListener.lifecycleEvent Cargada la biblioteca nativa APR de Apache Tomcat [1.3.1] con la versión APR [1.7.4].
28-Dec-2025 01:09:07.822 INFO [main] org.apache.catalina.core.AprLifecycleListener.lifecycleEvent Capacidades APR: IPv6 [true], enviar fichero [true], aceptar filtros [false], aleatorio [true], UDS [true].
28-Dec-2025 01:09:07.822 INFO [main] org.apache.catalina.core.AprLifecycleListener.lifecycleEvent APR/OpenSSL configuration: useAprConnector [false], useOpenSSL [true]
28-Dec-2025 01:09:07.836 INFO [main] org.apache.catalina.core.AprLifecycleListener.initializeSSL OpenSSL inicializado correctamente [OpenSSL 3.0.14 4 Jun 2024]
28-Dec-2025 01:09:08.390 INFO [main] org.apache.coyote.AbstractProtocol.init Inicializando el manejador de protocolo ["http-nio-8080"]

28-Dec-2025 01:09:08.417 INFO [main] org.apache.catalina.startup.Catalina.load Server initialization in [958] milliseconds
28-Dec-2025 01:09:08.479 INFO [main] org.apache.catalina.core.StandardService.startInternal Arrancando servicio [Catalina]
28-Dec-2025 01:09:08.480 INFO [main] org.apache.catalina.core.StandardEngine.startInternal Starting Servlet engine: [Apache Tomcat/9.0.112]
28-Dec-2025 01:09:08.491 INFO [main] org.apache.catalina.startup.HostConfig.deployDescriptor Desplieque del descriptor de configuración [D:\JavaProjects\TODO-API\conf\Catalina\localhost\webapp.xml]
28-Dec-2025 01:09:08.814 WARNING [main] org.apache.tomcat.util.descriptor.web.WebXml.setVersion Unknown version string [6.0]. Default version will be used.
28-Dec-2025 01:09:09.889 INFO [main] org.apache.jasper.servlet.TldScanner.scanJars Al menos un JAR, que se ha explorado buscando TLDs, aún no contenía TLDs. Activar historial de depuración para este historiador para una completa lista de los JARs que fueron explorados y de los que nos se halló TLDs. Saltarse JARs no necesarios durante la exploración puede dar lugar a una mejora de tiempo significativa en el arranque y compilación de JSP .
28-Dec-2025 01:09:09.972 INFO [main] org.apache.catalina.startup.HostConfig.deployDescriptor Deployment of deployment descriptor [D:\JavaProjects\TODO-API\conf\Catalina\localhost\webapp.xml] has finished in [1.472] ms
28-Dec-2025 01:09:09.982 INFO [main] org.apache.coyote.AbstractProtocol.start Starting ProtocolHandler ["http-nio-8080"]
28-Dec-2025 01:09:10.019 INFO [main] org.apache.catalina.startup.Catalina.start Server startup in [1599] milliseconds
28-Dec-2025 01:11:50.721 INFO [Thread-1] org.apache.coyote.AbstractProtocol.pause Pausing ProtocolHandler ["http-nio-8080"]
28-Dec-2025 01:11:50.735 INFO [Thread-1] org.apache.catalina.core.StandardService.stopInternal Parando servicio [Catalina]
28-Dec-2025 01:11:50.755 INFO [Thread-1] org.apache.coyote.AbstractProtocol.stop Stopping ProtocolHandler ["http-nio-8080"]
28-Dec-2025 01:11:50.768 INFO [Thread-1] org.apache.coyote.AbstractProtocol.destroy Destroying ProtocolHandler ["http-nio-8080"]
28-Dec-2025 01:12:04.101 INFO [main] org.apache.catalina.startup.VersionLoggerListener.log Nombre de la versión del servidor: Apache Tomcat/9.0.112
28-Dec-2025 01:12:04.107 INFO [main] org.apache.catalina.startup.VersionLoggerListener.log Server built:                      Nov 6 2025 07:46:18 UTC
28-Dec-2025 01:12:04.107 INFO [main] org.apache.catalina.startup.VersionLoggerListener.log Número de versión de servidor:     9.0.112.0
28-Dec-2025 01:12:04.108 INFO [main] org.apache.catalina.startup.VersionLoggerListener.log OS Name:                           Windows 10
28-Dec-2025 01:12:04.108 INFO [main] org.apache.catalina.startup.VersionLoggerListener.log Versión de Systema Operativo:      10.0
28-Dec-2025 01:12:04.108 INFO [main] org.apache.catalina.startup.VersionLoggerListener.log Arquitectura:                      amd64
28-Dec-2025 01:12:04.108 INFO [main] org.apache.catalina.startup.VersionLoggerListener.log Java Home:                         C:\Program Files\Java\jdk-25
28-Dec-2025 01:12:04.109 INFO [main] org.apache.catalina.startup.VersionLoggerListener.log JVM Version:                       25.0.1+8-LTS-27
28-Dec-2025 01:12:04.109 INFO [main] org.apache.catalina.startup.VersionLoggerListener.log Vededor JVM:                       Oracle Corporation
28-Dec-2025 01:12:04.110 INFO [main] org.apache.catalina.startup.VersionLoggerListener.log CATALINA_BASE:                     D:\JavaProjects\TODO-API
28-Dec-2025 01:12:04.110 INFO [main] org.apache.catalina.startup.VersionLoggerListener.log CATALINA_HOME:                     D:\apache-tomcat-9.0.112
28-Dec-2025 01:12:04.125 INFO [main] org.apache.catalina.startup.VersionLoggerListener.log Command line argument:             --add-opens=java.base/java.lang=ALL-UNNAMED
28-Dec-2025 01:12:04.125 INFO [main] org.apache.catalina.startup.VersionLoggerListener.log Command line argument:             --add-opens=java.base/java.io=ALL-UNNAMED
28-Dec-2025 01:12:04.125 INFO [main] org.apache.catalina.startup.VersionLoggerListener.log Command line argument:             --add-opens=java.base/java.util=ALL-UNNAMED
28-Dec-2025 01:12:04.125 INFO [main] org.apache.catalina.startup.VersionLoggerListener.log Command line argument:             --add-opens=java.base/java.util.concurrent=ALL-UNNAMED
28-Dec-2025 01:12:04.126 INFO [main] org.apache.catalina.startup.VersionLoggerListener.log Command line argument:             --add-opens=java.rmi/sun.rmi.transport=ALL-UNNAMED
28-Dec-2025 01:12:04.126 INFO [main] org.apache.catalina.startup.VersionLoggerListener.log Command line argument:             -Dcatalina.home=D:\apache-tomcat-9.0.112
28-Dec-2025 01:12:04.126 INFO [main] org.apache.catalina.startup.VersionLoggerListener.log Command line argument:             -Dcatalina.base=D:\JavaProjects\TODO-API
28-Dec-2025 01:12:04.126 INFO [main] org.apache.catalina.startup.VersionLoggerListener.log Command line argument:             -Djava.io.tmpdir=D:\JavaProjects\TODO-API\temp
28-Dec-2025 01:12:04.126 INFO [main] org.apache.catalina.startup.VersionLoggerListener.log Command line argument:             -Djava.util.logging.config.file=D:\JavaProjects\TODO-API\conf\logging.properties
28-Dec-2025 01:12:04.127 INFO [main] org.apache.catalina.startup.VersionLoggerListener.log Command line argument:             -Djava.util.logging.manager=org.apache.juli.ClassLoaderLogManager
28-Dec-2025 01:12:04.127 INFO [main] org.apache.catalina.startup.VersionLoggerListener.log Command line argument:             -javaagent:C:\Program Files\JetBrains\IntelliJ IDEA 2025.2.4\lib\idea_rt.jar=60330
28-Dec-2025 01:12:04.127 INFO [main] org.apache.catalina.startup.VersionLoggerListener.log Command line argument:             -Dfile.encoding=UTF-8
28-Dec-2025 01:12:04.127 INFO [main] org.apache.catalina.startup.VersionLoggerListener.log Command line argument:             -Dsun.stdout.encoding=UTF-8
28-Dec-2025 01:12:04.128 INFO [main] org.apache.catalina.startup.VersionLoggerListener.log Command line argument:             -Dsun.stderr.encoding=UTF-8
28-Dec-2025 01:12:04.138 INFO [main] org.apache.catalina.core.AprLifecycleListener.lifecycleEvent Cargada la biblioteca nativa APR de Apache Tomcat [1.3.1] con la versión APR [1.7.4].
28-Dec-2025 01:12:04.139 INFO [main] org.apache.catalina.core.AprLifecycleListener.lifecycleEvent Capacidades APR: IPv6 [true], enviar fichero [true], aceptar filtros [false], aleatorio [true], UDS [true].
28-Dec-2025 01:12:04.139 INFO [main] org.apache.catalina.core.AprLifecycleListener.lifecycleEvent APR/OpenSSL configuration: useAprConnector [false], useOpenSSL [true]
28-Dec-2025 01:12:04.151 INFO [main] org.apache.catalina.core.AprLifecycleListener.initializeSSL OpenSSL inicializado correctamente [OpenSSL 3.0.14 4 Jun 2024]
28-Dec-2025 01:12:04.720 INFO [main] org.apache.coyote.AbstractProtocol.init Inicializando el manejador de protocolo ["http-nio-8080"]

28-Dec-2025 01:12:04.750 INFO [main] org.apache.catalina.startup.Catalina.load Server initialization in [996] milliseconds
28-Dec-2025 01:12:04.818 INFO [main] org.apache.catalina.core.StandardService.startInternal Arrancando servicio [Catalina]
28-Dec-2025 01:12:04.819 INFO [main] org.apache.catalina.core.StandardEngine.startInternal Starting Servlet engine: [Apache Tomcat/9.0.112]
28-Dec-2025 01:12:04.829 INFO [main] org.apache.catalina.startup.HostConfig.deployDescriptor Desplieque del descriptor de configuración [D:\JavaProjects\TODO-API\conf\Catalina\localhost\webapp.xml]
28-Dec-2025 01:12:05.173 WARNING [main] org.apache.tomcat.util.descriptor.web.WebXml.setVersion Unknown version string [6.0]. Default version will be used.
28-Dec-2025 01:12:06.255 INFO [main] org.apache.jasper.servlet.TldScanner.scanJars Al menos un JAR, que se ha explorado buscando TLDs, aún no contenía TLDs. Activar historial de depuración para este historiador para una completa lista de los JARs que fueron explorados y de los que nos se halló TLDs. Saltarse JARs no necesarios durante la exploración puede dar lugar a una mejora de tiempo significativa en el arranque y compilación de JSP .
28-Dec-2025 01:12:06.337 INFO [main] org.apache.catalina.startup.HostConfig.deployDescriptor Deployment of deployment descriptor [D:\JavaProjects\TODO-API\conf\Catalina\localhost\webapp.xml] has finished in [1.497] ms
28-Dec-2025 01:12:06.342 INFO [main] org.apache.coyote.AbstractProtocol.start Starting ProtocolHandler ["http-nio-8080"]
28-Dec-2025 01:12:06.373 INFO [main] org.apache.catalina.startup.Catalina.start Server startup in [1620] milliseconds
28-Dec-2025 01:16:34.974 INFO [Thread-1] org.apache.coyote.AbstractProtocol.pause Pausing ProtocolHandler ["http-nio-8080"]
28-Dec-2025 01:16:34.984 INFO [Thread-1] org.apache.catalina.core.StandardService.stopInternal Parando servicio [Catalina]
28-Dec-2025 01:16:34.997 INFO [Thread-1] org.apache.coyote.AbstractProtocol.stop Stopping ProtocolHandler ["http-nio-8080"]
28-Dec-2025 01:16:35.005 INFO [Thread-1] org.apache.coyote.AbstractProtocol.destroy Destroying ProtocolHandler ["http-nio-8080"]
28-Dec-2025 01:17:47.341 INFO [main] org.apache.catalina.startup.VersionLoggerListener.log Nombre de la versión del servidor: Apache Tomcat/9.0.112
28-Dec-2025 01:17:47.345 INFO [main] org.apache.catalina.startup.VersionLoggerListener.log Server built:                      Nov 6 2025 07:46:18 UTC
28-Dec-2025 01:17:47.345 INFO [main] org.apache.catalina.startup.VersionLoggerListener.log Número de versión de servidor:     9.0.112.0
28-Dec-2025 01:17:47.345 INFO [main] org.apache.catalina.startup.VersionLoggerListener.log OS Name:                           Windows 10
28-Dec-2025 01:17:47.345 INFO [main] org.apache.catalina.startup.VersionLoggerListener.log Versión de Systema Operativo:      10.0
28-Dec-2025 01:17:47.346 INFO [main] org.apache.catalina.startup.VersionLoggerListener.log Arquitectura:                      amd64
28-Dec-2025 01:17:47.346 INFO [main] org.apache.catalina.startup.VersionLoggerListener.log Java Home:                         C:\Program Files\Java\jdk-25
28-Dec-2025 01:17:47.346 INFO [main] org.apache.catalina.startup.VersionLoggerListener.log JVM Version:                       25.0.1+8-LTS-27
28-Dec-2025 01:17:47.346 INFO [main] org.apache.catalina.startup.VersionLoggerListener.log Vededor JVM:                       Oracle Corporation
28-Dec-2025 01:17:47.346 INFO [main] org.apache.catalina.startup.VersionLoggerListener.log CATALINA_BASE:                     D:\JavaProjects\TODO-API
28-Dec-2025 01:17:47.346 INFO [main] org.apache.catalina.startup.VersionLoggerListener.log CATALINA_HOME:                     D:\apache-tomcat-9.0.112
28-Dec-2025 01:17:47.356 INFO [main] org.apache.catalina.startup.VersionLoggerListener.log Command line argument:             --add-opens=java.base/java.lang=ALL-UNNAMED
28-Dec-2025 01:17:47.356 INFO [main] org.apache.catalina.startup.VersionLoggerListener.log Command line argument:             --add-opens=java.base/java.io=ALL-UNNAMED
28-Dec-2025 01:17:47.356 INFO [main] org.apache.catalina.startup.VersionLoggerListener.log Command line argument:             --add-opens=java.base/java.util=ALL-UNNAMED
28-Dec-2025 01:17:47.356 INFO [main] org.apache.catalina.startup.VersionLoggerListener.log Command line argument:             --add-opens=java.base/java.util.concurrent=ALL-UNNAMED
28-Dec-2025 01:17:47.357 INFO [main] org.apache.catalina.startup.VersionLoggerListener.log Command line argument:             --add-opens=java.rmi/sun.rmi.transport=ALL-UNNAMED
28-Dec-2025 01:17:47.357 INFO [main] org.apache.catalina.startup.VersionLoggerListener.log Command line argument:             -Dcatalina.home=D:\apache-tomcat-9.0.112
28-Dec-2025 01:17:47.357 INFO [main] org.apache.catalina.startup.VersionLoggerListener.log Command line argument:             -Dcatalina.base=D:\JavaProjects\TODO-API
28-Dec-2025 01:17:47.357 INFO [main] org.apache.catalina.startup.VersionLoggerListener.log Command line argument:             -Djava.io.tmpdir=D:\JavaProjects\TODO-API\temp
28-Dec-2025 01:17:47.357 INFO [main] org.apache.catalina.startup.VersionLoggerListener.log Command line argument:             -Djava.util.logging.config.file=D:\JavaProjects\TODO-API\conf\logging.properties
28-Dec-2025 01:17:47.358 INFO [main] org.apache.catalina.startup.VersionLoggerListener.log Command line argument:             -Djava.util.logging.manager=org.apache.juli.ClassLoaderLogManager
28-Dec-2025 01:17:47.358 INFO [main] org.apache.catalina.startup.VersionLoggerListener.log Command line argument:             -javaagent:C:\Program Files\JetBrains\IntelliJ IDEA 2025.2.4\lib\idea_rt.jar=60535
28-Dec-2025 01:17:47.358 INFO [main] org.apache.catalina.startup.VersionLoggerListener.log Command line argument:             -Dfile.encoding=UTF-8
28-Dec-2025 01:17:47.358 INFO [main] org.apache.catalina.startup.VersionLoggerListener.log Command line argument:             -Dsun.stdout.encoding=UTF-8
28-Dec-2025 01:17:47.358 INFO [main] org.apache.catalina.startup.VersionLoggerListener.log Command line argument:             -Dsun.stderr.encoding=UTF-8
28-Dec-2025 01:17:47.364 INFO [main] org.apache.catalina.core.AprLifecycleListener.lifecycleEvent Cargada la biblioteca nativa APR de Apache Tomcat [1.3.1] con la versión APR [1.7.4].
28-Dec-2025 01:17:47.365 INFO [main] org.apache.catalina.core.AprLifecycleListener.lifecycleEvent Capacidades APR: IPv6 [true], enviar fichero [true], aceptar filtros [false], aleatorio [true], UDS [true].
28-Dec-2025 01:17:47.365 INFO [main] org.apache.catalina.core.AprLifecycleListener.lifecycleEvent APR/OpenSSL configuration: useAprConnector [false], useOpenSSL [true]
28-Dec-2025 01:17:47.388 INFO [main] org.apache.catalina.core.AprLifecycleListener.initializeSSL OpenSSL inicializado correctamente [OpenSSL 3.0.14 4 Jun 2024]
28-Dec-2025 01:17:47.939 INFO [main] org.apache.coyote.AbstractProtocol.init Inicializando el manejador de protocolo ["http-nio-8080"]

28-Dec-2025 01:17:47.965 INFO [main] org.apache.catalina.startup.Catalina.load Server initialization in [935] milliseconds
28-Dec-2025 01:17:48.034 INFO [main] org.apache.catalina.core.StandardService.startInternal Arrancando servicio [Catalina]
28-Dec-2025 01:17:48.035 INFO [main] org.apache.catalina.core.StandardEngine.startInternal Starting Servlet engine: [Apache Tomcat/9.0.112]
28-Dec-2025 01:17:48.046 INFO [main] org.apache.catalina.startup.HostConfig.deployDescriptor Desplieque del descriptor de configuración [D:\JavaProjects\TODO-API\conf\Catalina\localhost\webapp.xml]
28-Dec-2025 01:17:48.380 WARNING [main] org.apache.tomcat.util.descriptor.web.WebXml.setVersion Unknown version string [6.0]. Default version will be used.
28-Dec-2025 01:17:49.527 INFO [main] org.apache.jasper.servlet.TldScanner.scanJars Al menos un JAR, que se ha explorado buscando TLDs, aún no contenía TLDs. Activar historial de depuración para este historiador para una completa lista de los JARs que fueron explorados y de los que nos se halló TLDs. Saltarse JARs no necesarios durante la exploración puede dar lugar a una mejora de tiempo significativa en el arranque y compilación de JSP .
28-Dec-2025 01:17:49.631 INFO [main] org.apache.catalina.startup.HostConfig.deployDescriptor Deployment of deployment descriptor [D:\JavaProjects\TODO-API\conf\Catalina\localhost\webapp.xml] has finished in [1.574] ms
28-Dec-2025 01:17:49.640 INFO [main] org.apache.coyote.AbstractProtocol.start Starting ProtocolHandler ["http-nio-8080"]
28-Dec-2025 01:17:49.682 INFO [main] org.apache.catalina.startup.Catalina.start Server startup in [1713] milliseconds
28-Dec-2025 01:21:46.610 INFO [Thread-1] org.apache.coyote.AbstractProtocol.pause Pausing ProtocolHandler ["http-nio-8080"]
28-Dec-2025 01:21:46.620 INFO [Thread-1] org.apache.catalina.core.StandardService.stopInternal Parando servicio [Catalina]
28-Dec-2025 01:21:46.637 INFO [Thread-1] org.apache.coyote.AbstractProtocol.stop Stopping ProtocolHandler ["http-nio-8080"]
28-Dec-2025 01:21:46.642 INFO [Thread-1] org.apache.coyote.AbstractProtocol.destroy Destroying ProtocolHandler ["http-nio-8080"]
28-Dec-2025 01:24:33.259 INFO [main] org.apache.catalina.startup.VersionLoggerListener.log Nombre de la versión del servidor: Apache Tomcat/9.0.112
28-Dec-2025 01:24:33.266 INFO [main] org.apache.catalina.startup.VersionLoggerListener.log Server built:                      Nov 6 2025 07:46:18 UTC
28-Dec-2025 01:24:33.267 INFO [main] org.apache.catalina.startup.VersionLoggerListener.log Número de versión de servidor:     9.0.112.0
28-Dec-2025 01:24:33.267 INFO [main] org.apache.catalina.startup.VersionLoggerListener.log OS Name:                           Windows 10
28-Dec-2025 01:24:33.267 INFO [main] org.apache.catalina.startup.VersionLoggerListener.log Versión de Systema Operativo:      10.0
28-Dec-2025 01:24:33.267 INFO [main] org.apache.catalina.startup.VersionLoggerListener.log Arquitectura:                      amd64
28-Dec-2025 01:24:33.267 INFO [main] org.apache.catalina.startup.VersionLoggerListener.log Java Home:                         C:\Program Files\Java\jdk-25
28-Dec-2025 01:24:33.267 INFO [main] org.apache.catalina.startup.VersionLoggerListener.log JVM Version:                       25.0.1+8-LTS-27
28-Dec-2025 01:24:33.268 INFO [main] org.apache.catalina.startup.VersionLoggerListener.log Vededor JVM:                       Oracle Corporation
28-Dec-2025 01:24:33.268 INFO [main] org.apache.catalina.startup.VersionLoggerListener.log CATALINA_BASE:                     D:\JavaProjects\TODO-API
28-Dec-2025 01:24:33.268 INFO [main] org.apache.catalina.startup.VersionLoggerListener.log CATALINA_HOME:                     D:\apache-tomcat-9.0.112
28-Dec-2025 01:24:33.281 INFO [main] org.apache.catalina.startup.VersionLoggerListener.log Command line argument:             --add-opens=java.base/java.lang=ALL-UNNAMED
28-Dec-2025 01:24:33.281 INFO [main] org.apache.catalina.startup.VersionLoggerListener.log Command line argument:             --add-opens=java.base/java.io=ALL-UNNAMED
28-Dec-2025 01:24:33.281 INFO [main] org.apache.catalina.startup.VersionLoggerListener.log Command line argument:             --add-opens=java.base/java.util=ALL-UNNAMED
28-Dec-2025 01:24:33.281 INFO [main] org.apache.catalina.startup.VersionLoggerListener.log Command line argument:             --add-opens=java.base/java.util.concurrent=ALL-UNNAMED
28-Dec-2025 01:24:33.282 INFO [main] org.apache.catalina.startup.VersionLoggerListener.log Command line argument:             --add-opens=java.rmi/sun.rmi.transport=ALL-UNNAMED
28-Dec-2025 01:24:33.282 INFO [main] org.apache.catalina.startup.VersionLoggerListener.log Command line argument:             -Dcatalina.home=D:\apache-tomcat-9.0.112
28-Dec-2025 01:24:33.282 INFO [main] org.apache.catalina.startup.VersionLoggerListener.log Command line argument:             -Dcatalina.base=D:\JavaProjects\TODO-API
28-Dec-2025 01:24:33.282 INFO [main] org.apache.catalina.startup.VersionLoggerListener.log Command line argument:             -Djava.io.tmpdir=D:\JavaProjects\TODO-API\temp
28-Dec-2025 01:24:33.282 INFO [main] org.apache.catalina.startup.VersionLoggerListener.log Command line argument:             -Djava.util.logging.config.file=D:\JavaProjects\TODO-API\conf\logging.properties
28-Dec-2025 01:24:33.282 INFO [main] org.apache.catalina.startup.VersionLoggerListener.log Command line argument:             -Djava.util.logging.manager=org.apache.juli.ClassLoaderLogManager
28-Dec-2025 01:24:33.282 INFO [main] org.apache.catalina.startup.VersionLoggerListener.log Command line argument:             -javaagent:C:\Program Files\JetBrains\IntelliJ IDEA 2025.2.4\lib\idea_rt.jar=60676
28-Dec-2025 01:24:33.283 INFO [main] org.apache.catalina.startup.VersionLoggerListener.log Command line argument:             -Dfile.encoding=UTF-8
28-Dec-2025 01:24:33.283 INFO [main] org.apache.catalina.startup.VersionLoggerListener.log Command line argument:             -Dsun.stdout.encoding=UTF-8
28-Dec-2025 01:24:33.283 INFO [main] org.apache.catalina.startup.VersionLoggerListener.log Command line argument:             -Dsun.stderr.encoding=UTF-8
28-Dec-2025 01:24:33.288 INFO [main] org.apache.catalina.core.AprLifecycleListener.lifecycleEvent Cargada la biblioteca nativa APR de Apache Tomcat [1.3.1] con la versión APR [1.7.4].
28-Dec-2025 01:24:33.288 INFO [main] org.apache.catalina.core.AprLifecycleListener.lifecycleEvent Capacidades APR: IPv6 [true], enviar fichero [true], aceptar filtros [false], aleatorio [true], UDS [true].
28-Dec-2025 01:24:33.288 INFO [main] org.apache.catalina.core.AprLifecycleListener.lifecycleEvent APR/OpenSSL configuration: useAprConnector [false], useOpenSSL [true]
28-Dec-2025 01:24:33.303 INFO [main] org.apache.catalina.core.AprLifecycleListener.initializeSSL OpenSSL inicializado correctamente [OpenSSL 3.0.14 4 Jun 2024]
28-Dec-2025 01:24:33.834 INFO [main] org.apache.coyote.AbstractProtocol.init Inicializando el manejador de protocolo ["http-nio-8080"]

28-Dec-2025 01:24:33.869 INFO [main] org.apache.catalina.startup.Catalina.load Server initialization in [926] milliseconds
28-Dec-2025 01:24:33.944 INFO [main] org.apache.catalina.core.StandardService.startInternal Arrancando servicio [Catalina]
28-Dec-2025 01:24:33.944 INFO [main] org.apache.catalina.core.StandardEngine.startInternal Starting Servlet engine: [Apache Tomcat/9.0.112]
28-Dec-2025 01:24:33.958 INFO [main] org.apache.catalina.startup.HostConfig.deployDescriptor Desplieque del descriptor de configuración [D:\JavaProjects\TODO-API\conf\Catalina\localhost\TODO-API.xml]
28-Dec-2025 01:24:33.987 WARNING [main] org.apache.catalina.startup.HostConfig.deployDescriptor Se ha especificado un docBase [D:\JavaProjects\TODO-API\webapps\${project.basedir}\target\todo-api] dentro del appBase de la máquina y será ignorado
28-Dec-2025 01:24:34.058 SEVERE [main] org.apache.catalina.startup.HostConfig.deployDescriptor Error durante el despliegue del descriptor de configuración [D:\JavaProjects\TODO-API\conf\Catalina\localhost\TODO-API.xml]
	java.lang.IllegalStateException: Error starting child
		at org.apache.catalina.core.ContainerBase.addChildInternal(ContainerBase.java:600)
		at org.apache.catalina.core.ContainerBase.addChild(ContainerBase.java:569)
		at org.apache.catalina.core.StandardHost.addChild(StandardHost.java:601)
		at org.apache.catalina.startup.HostConfig.deployDescriptor(HostConfig.java:677)
		at org.apache.catalina.startup.HostConfig$DeployDescriptor.run(HostConfig.java:1836)
		at java.base/java.util.concurrent.Executors$RunnableAdapter.call(Executors.java:545)
		at java.base/java.util.concurrent.FutureTask.run(FutureTask.java:328)
		at org.apache.tomcat.util.threads.InlineExecutorService.execute(InlineExecutorService.java:82)
		at java.base/java.util.concurrent.AbstractExecutorService.submit(AbstractExecutorService.java:125)
		at org.apache.catalina.startup.HostConfig.deployDescriptors(HostConfig.java:572)
		at org.apache.catalina.startup.HostConfig.deployApps(HostConfig.java:463)
		at org.apache.catalina.startup.HostConfig.start(HostConfig.java:1576)
		at org.apache.catalina.startup.HostConfig.lifecycleEvent(HostConfig.java:309)
		at org.apache.catalina.util.LifecycleBase.fireLifecycleEvent(LifecycleBase.java:109)
		at org.apache.catalina.util.LifecycleBase.setStateInternal(LifecycleBase.java:389)
		at org.apache.catalina.util.LifecycleBase.setState(LifecycleBase.java:336)
		at org.apache.catalina.core.ContainerBase.startInternal(ContainerBase.java:774)
		at org.apache.catalina.core.StandardHost.startInternal(StandardHost.java:719)
		at org.apache.catalina.util.LifecycleBase.start(LifecycleBase.java:164)
		at org.apache.catalina.core.ContainerBase$StartChild.call(ContainerBase.java:1201)
		at org.apache.catalina.core.ContainerBase$StartChild.call(ContainerBase.java:1191)
		at java.base/java.util.concurrent.FutureTask.run(FutureTask.java:328)
		at org.apache.tomcat.util.threads.InlineExecutorService.execute(InlineExecutorService.java:82)
		at java.base/java.util.concurrent.AbstractExecutorService.submit(AbstractExecutorService.java:149)
		at org.apache.catalina.core.ContainerBase.startInternal(ContainerBase.java:747)
		at org.apache.catalina.core.StandardEngine.startInternal(StandardEngine.java:209)
		at org.apache.catalina.util.LifecycleBase.start(LifecycleBase.java:164)
		at org.apache.catalina.core.StandardService.startInternal(StandardService.java:410)
		at org.apache.catalina.util.LifecycleBase.start(LifecycleBase.java:164)
		at org.apache.catalina.core.StandardServer.startInternal(StandardServer.java:872)
		at org.apache.catalina.util.LifecycleBase.start(LifecycleBase.java:164)
		at org.apache.catalina.startup.Catalina.start(Catalina.java:736)
		at java.base/jdk.internal.reflect.DirectMethodHandleAccessor.invoke(DirectMethodHandleAccessor.java:104)
		at java.base/java.lang.reflect.Method.invoke(Method.java:565)
		at org.apache.catalina.startup.Bootstrap.start(Bootstrap.java:342)
		at org.apache.catalina.startup.Bootstrap.main(Bootstrap.java:473)
	Caused by: org.apache.catalina.LifecycleException: Failed to start component [org.apache.catalina.webresources.StandardRoot@6f8e8894]
		at org.apache.catalina.util.LifecycleBase.handleSubClassException(LifecycleBase.java:404)
		at org.apache.catalina.util.LifecycleBase.start(LifecycleBase.java:179)
		at org.apache.catalina.core.StandardContext.resourcesStart(StandardContext.java:4160)
		at org.apache.catalina.core.StandardContext.startInternal(StandardContext.java:4282)
		at org.apache.catalina.util.LifecycleBase.start(LifecycleBase.java:164)
		at org.apache.catalina.core.ContainerBase.addChildInternal(ContainerBase.java:597)
		... 35 more
	Caused by: java.lang.IllegalArgumentException: The main resource set specified [D:\JavaProjects\TODO-API\webapps\TODO-API] is not a directory or war file, or is not readable (it does not exist or permissions to access it are missing)
		at org.apache.catalina.webresources.StandardRoot.createMainResourceSet(StandardRoot.java:758)
		at org.apache.catalina.webresources.StandardRoot.startInternal(StandardRoot.java:715)
		at org.apache.catalina.util.LifecycleBase.start(LifecycleBase.java:164)
		... 39 more
28-Dec-2025 01:24:34.078 INFO [main] org.apache.catalina.startup.HostConfig.deployDescriptor Deployment of deployment descriptor [D:\JavaProjects\TODO-API\conf\Catalina\localhost\TODO-API.xml] has finished in [107] ms
28-Dec-2025 01:24:34.084 INFO [main] org.apache.coyote.AbstractProtocol.start Starting ProtocolHandler ["http-nio-8080"]
28-Dec-2025 01:24:34.195 INFO [main] org.apache.catalina.startup.Catalina.start Server startup in [322] milliseconds
28-Dec-2025 01:25:22.734 INFO [Thread-1] org.apache.coyote.AbstractProtocol.pause Pausing ProtocolHandler ["http-nio-8080"]
28-Dec-2025 01:25:22.744 INFO [Thread-1] org.apache.catalina.core.StandardService.stopInternal Parando servicio [Catalina]
28-Dec-2025 01:25:22.745 INFO [Thread-1] org.apache.coyote.AbstractProtocol.stop Stopping ProtocolHandler ["http-nio-8080"]
28-Dec-2025 01:25:22.750 INFO [Thread-1] org.apache.coyote.AbstractProtocol.destroy Destroying ProtocolHandler ["http-nio-8080"]
28-Dec-2025 01:25:25.797 INFO [main] org.apache.catalina.startup.VersionLoggerListener.log Nombre de la versión del servidor: Apache Tomcat/9.0.112
28-Dec-2025 01:25:25.801 INFO [main] org.apache.catalina.startup.VersionLoggerListener.log Server built:                      Nov 6 2025 07:46:18 UTC
28-Dec-2025 01:25:25.801 INFO [main] org.apache.catalina.startup.VersionLoggerListener.log Número de versión de servidor:     9.0.112.0
28-Dec-2025 01:25:25.801 INFO [main] org.apache.catalina.startup.VersionLoggerListener.log OS Name:                           Windows 10
28-Dec-2025 01:25:25.801 INFO [main] org.apache.catalina.startup.VersionLoggerListener.log Versión de Systema Operativo:      10.0
28-Dec-2025 01:25:25.803 INFO [main] org.apache.catalina.startup.VersionLoggerListener.log Arquitectura:                      amd64
28-Dec-2025 01:25:25.803 INFO [main] org.apache.catalina.startup.VersionLoggerListener.log Java Home:                         C:\Program Files\Java\jdk-25
28-Dec-2025 01:25:25.803 INFO [main] org.apache.catalina.startup.VersionLoggerListener.log JVM Version:                       25.0.1+8-LTS-27
28-Dec-2025 01:25:25.803 INFO [main] org.apache.catalina.startup.VersionLoggerListener.log Vededor JVM:                       Oracle Corporation
28-Dec-2025 01:25:25.803 INFO [main] org.apache.catalina.startup.VersionLoggerListener.log CATALINA_BASE:                     D:\JavaProjects\TODO-API
28-Dec-2025 01:25:25.803 INFO [main] org.apache.catalina.startup.VersionLoggerListener.log CATALINA_HOME:                     D:\apache-tomcat-9.0.112
28-Dec-2025 01:25:25.814 INFO [main] org.apache.catalina.startup.VersionLoggerListener.log Command line argument:             --add-opens=java.base/java.lang=ALL-UNNAMED
28-Dec-2025 01:25:25.814 INFO [main] org.apache.catalina.startup.VersionLoggerListener.log Command line argument:             --add-opens=java.base/java.io=ALL-UNNAMED
28-Dec-2025 01:25:25.814 INFO [main] org.apache.catalina.startup.VersionLoggerListener.log Command line argument:             --add-opens=java.base/java.util=ALL-UNNAMED
28-Dec-2025 01:25:25.815 INFO [main] org.apache.catalina.startup.VersionLoggerListener.log Command line argument:             --add-opens=java.base/java.util.concurrent=ALL-UNNAMED
28-Dec-2025 01:25:25.815 INFO [main] org.apache.catalina.startup.VersionLoggerListener.log Command line argument:             --add-opens=java.rmi/sun.rmi.transport=ALL-UNNAMED
28-Dec-2025 01:25:25.815 INFO [main] org.apache.catalina.startup.VersionLoggerListener.log Command line argument:             -Dcatalina.home=D:\apache-tomcat-9.0.112
28-Dec-2025 01:25:25.815 INFO [main] org.apache.catalina.startup.VersionLoggerListener.log Command line argument:             -Dcatalina.base=D:\JavaProjects\TODO-API
28-Dec-2025 01:25:25.815 INFO [main] org.apache.catalina.startup.VersionLoggerListener.log Command line argument:             -Djava.io.tmpdir=D:\JavaProjects\TODO-API\temp
28-Dec-2025 01:25:25.816 INFO [main] org.apache.catalina.startup.VersionLoggerListener.log Command line argument:             -Djava.util.logging.config.file=D:\JavaProjects\TODO-API\conf\logging.properties
28-Dec-2025 01:25:25.816 INFO [main] org.apache.catalina.startup.VersionLoggerListener.log Command line argument:             -Djava.util.logging.manager=org.apache.juli.ClassLoaderLogManager
28-Dec-2025 01:25:25.816 INFO [main] org.apache.catalina.startup.VersionLoggerListener.log Command line argument:             -javaagent:C:\Program Files\JetBrains\IntelliJ IDEA 2025.2.4\lib\idea_rt.jar=60710
28-Dec-2025 01:25:25.816 INFO [main] org.apache.catalina.startup.VersionLoggerListener.log Command line argument:             -Dfile.encoding=UTF-8
28-Dec-2025 01:25:25.816 INFO [main] org.apache.catalina.startup.VersionLoggerListener.log Command line argument:             -Dsun.stdout.encoding=UTF-8
28-Dec-2025 01:25:25.817 INFO [main] org.apache.catalina.startup.VersionLoggerListener.log Command line argument:             -Dsun.stderr.encoding=UTF-8
28-Dec-2025 01:25:25.827 INFO [main] org.apache.catalina.core.AprLifecycleListener.lifecycleEvent Cargada la biblioteca nativa APR de Apache Tomcat [1.3.1] con la versión APR [1.7.4].
28-Dec-2025 01:25:25.828 INFO [main] org.apache.catalina.core.AprLifecycleListener.lifecycleEvent Capacidades APR: IPv6 [true], enviar fichero [true], aceptar filtros [false], aleatorio [true], UDS [true].
28-Dec-2025 01:25:25.828 INFO [main] org.apache.catalina.core.AprLifecycleListener.lifecycleEvent APR/OpenSSL configuration: useAprConnector [false], useOpenSSL [true]
28-Dec-2025 01:25:25.843 INFO [main] org.apache.catalina.core.AprLifecycleListener.initializeSSL OpenSSL inicializado correctamente [OpenSSL 3.0.14 4 Jun 2024]
28-Dec-2025 01:25:26.369 INFO [main] org.apache.coyote.AbstractProtocol.init Inicializando el manejador de protocolo ["http-nio-8080"]

28-Dec-2025 01:25:26.393 INFO [main] org.apache.catalina.startup.Catalina.load Server initialization in [924] milliseconds
28-Dec-2025 01:25:26.463 INFO [main] org.apache.catalina.core.StandardService.startInternal Arrancando servicio [Catalina]
28-Dec-2025 01:25:26.464 INFO [main] org.apache.catalina.core.StandardEngine.startInternal Starting Servlet engine: [Apache Tomcat/9.0.112]
28-Dec-2025 01:25:26.475 INFO [main] org.apache.catalina.startup.HostConfig.deployDescriptor Desplieque del descriptor de configuración [D:\JavaProjects\TODO-API\conf\Catalina\localhost\ROOT.xml]
28-Dec-2025 01:25:27.817 INFO [main] org.apache.jasper.servlet.TldScanner.scanJars Al menos un JAR, que se ha explorado buscando TLDs, aún no contenía TLDs. Activar historial de depuración para este historiador para una completa lista de los JARs que fueron explorados y de los que nos se halló TLDs. Saltarse JARs no necesarios durante la exploración puede dar lugar a una mejora de tiempo significativa en el arranque y compilación de JSP .
28-Dec-2025 01:25:27.909 INFO [main] org.apache.catalina.startup.HostConfig.deployDescriptor Deployment of deployment descriptor [D:\JavaProjects\TODO-API\conf\Catalina\localhost\ROOT.xml] has finished in [1.420] ms
28-Dec-2025 01:25:27.915 INFO [main] org.apache.coyote.AbstractProtocol.start Starting ProtocolHandler ["http-nio-8080"]
28-Dec-2025 01:25:27.950 INFO [main] org.apache.catalina.startup.Catalina.start Server startup in [1554] milliseconds
28-Dec-2025 01:30:16.779 INFO [Thread-1] org.apache.coyote.AbstractProtocol.pause Pausing ProtocolHandler ["http-nio-8080"]
28-Dec-2025 01:30:16.793 INFO [Thread-1] org.apache.catalina.core.StandardService.stopInternal Parando servicio [Catalina]
28-Dec-2025 01:30:16.804 INFO [Thread-1] org.apache.coyote.AbstractProtocol.stop Stopping ProtocolHandler ["http-nio-8080"]
28-Dec-2025 01:30:16.814 INFO [Thread-1] org.apache.coyote.AbstractProtocol.destroy Destroying ProtocolHandler ["http-nio-8080"]
